<?xml version="1.0" encoding="UTF-8"?>
<testsuite xmlns:xsi="http://www.w3.org/2001/XMLSchema-instance" xsi:noNamespaceSchemaLocation="https://maven.apache.org/surefire/maven-surefire-plugin/xsd/surefire-test-report.xsd" version="3.0.2" name="game.GameServiceTest" time="0.044" tests="8" errors="0" skipped="0" failures="0">
  <properties>
[...]
</properties>
  <testcase name="testCheckCorrectLetter" classname="game.GameServiceTest" time="0.015"/>
  <testcase name="testIsWordGuessedNotFull" classname="game.GameServiceTest" time="0.001"/>
  <testcase name="testIsGameInProgress" classname="game.GameServiceTest" time="0.0"/>
  <testcase name="testIsWordGuessedNotInProgress" classname="game.GameServiceTest" time="0.0"/>
  <testcase name="testIsGameWin" classname="game.GameServiceTest" time="0.0"/>
  <testcase name="testIsWordGuessedFull" classname="game.GameServiceTest" time="0.001"/>
  <testcase name="testIsGameLose" classname="game.GameServiceTest" time="0.001"/>
  <testcase name="testCheckIncorrectLetter" classname="game.GameServiceTest" time="0.001"/>
</testsuite>